
ROM used:   195/2048 (10%)
            195/2048 (10%) including unused fragments

            0.3 Average locations per line
            1.9 Average locations per statement

RAM used:   6/224 (3%) at main() level
            7/224 (3%) worst case

Stack used: 0 worst case (0 in main + 0 for interrupts)
Stack size: 8

Lines Stmts  %   Files
----- ----- ---  -----
  148   101 100  contador binario.c
   13     0   0  contador binario.h
  519     0   0  ..\..\..\..\..\..\Program Files (x86)\PICC\Devices\16F628A.h
----- -----
  680   101 Total

Page ROM  %  RAM    Vol Diff  Functions:
---- --- --- ---    --- ----  ----------
0     21  11    1             @delay_ms1
0     12   6    0    282  1.9  initPins
0    131  67    1   3710  4.5  contador
0     27  14    1    223  5.0  MAIN
 Inline         0    123  2.1  @cinit1

Program metrics:
    Functions               4
    Statements              101
    Comments                101
    Volume (V)              5004
    Difficulty (D)          14.0
    Effort to implement (E) 70200
    Time to implement (T)   1 hours, 5 minutes
    Est Delivered Bugs (B)  1
    Cyclomatic Complexity   19
    Maintainability (MI)    130

 Segment     Used  Free
-----------  ----  ----
00000-00003     4  0  
00004-007FF   191  1853  



