
ROM used:   119/4096 (3%)
            119/4096 (3%) including unused fragments

            0.2 Average locations per line
            3.6 Average locations per statement

RAM used:   7/191 (4%) at main() level
            7/191 (4%) worst case

Stack used: 0 worst case (0 in main + 0 for interrupts)
Stack size: 8

Lines Stmts  %   Files
----- ----- ---  -----
   59    33 100  main.c
   10     0   0  main.h
  672     0   0  ..\..\..\..\..\..\Program Files (x86)\PICC\Devices\16F874A.h
----- -----
  741    33 Total

Page ROM  %  RAM    Vol Diff  Functions:
---- --- --- ---    --- ----  ----------
0     21  18    1             @delay_ms1
0     38  32    0    650  1.9  initpins
0     56  47    1    391  5.6  MAIN
 Inline         0             @cinit1

Program metrics:
    Functions               2
    Statements              33
    Comments                119
    Volume (V)              1222
    Difficulty (D)          7.5
    Effort to implement (E) 9117
    Time to implement (T)   8 minutes
    Est Delivered Bugs (B)  0
    Cyclomatic Complexity   2
    Maintainability (MI)    63

 Segment     Used  Free
-----------  ----  ----
00000-00003     4  0  
00004-007FF   115  1929  
00800-00FFF     0  2048  



