
ROM used:   363/2048 (18%)
            363/2048 (18%) including unused fragments

            0.5 Average locations per line
            2.5 Average locations per statement

RAM used:   6/224 (3%) at main() level
            7/224 (3%) worst case

Stack used: 1 worst case (1 in main + 0 for interrupts)
Stack size: 8

Lines Stmts  %   Files
----- ----- ---  -----
  202   148 100  teclado matricial.c
   16     0   0  teclado matricial.h
  519     0   0  ..\..\..\..\..\..\Program Files (x86)\PICC\Devices\16F628A.h
----- -----
  737   148 Total

Page ROM  %  RAM    Vol Diff  Functions:
---- --- --- ---    --- ----  ----------
0     21   6    1             @delay_ms1
0     27   7    0    737  1.9  initPins
0    131  36    1   3710  4.5  contador
0    180  50    1   2158  6.4  MAIN
 Inline         0             @cinit1

Program metrics:
    Functions               3
    Statements              148
    Comments                101
    Volume (V)              7877
    Difficulty (D)          12.7
    Effort to implement (E) 100388
    Time to implement (T)   1 hours, 33 minutes
    Est Delivered Bugs (B)  1
    Cyclomatic Complexity   27
    Maintainability (MI)    86

 Segment     Used  Free
-----------  ----  ----
00000-00003     4  0  
00004-007FF   359  1685  



